<?xml version="1.0" encoding="UTF-8"?>
<!-- Generated by org.testng.reporters.JUnitReportReporter -->
<testsuite hostname="g14" failures="0" tests="3" name="com.saucedemo.qa.test.CheckoutCompletePageTest" time="6.327" errors="0" timestamp="2024-01-27T23:30:55 IST" skipped="0">
  <testcase classname="com.saucedemo.qa.test.CheckoutCompletePageTest" name="checkPageTitle" time="2.139"/>
  <testcase classname="com.saucedemo.qa.test.CheckoutCompletePageTest" name="checkThankYouMessage" time="2.078"/>
  <testcase classname="com.saucedemo.qa.test.CheckoutCompletePageTest" name="checkBackToHome" time="2.110"/>
</testsuite> <!-- com.saucedemo.qa.test.CheckoutCompletePageTest -->
