<?xml version="1.0" encoding="UTF-8"?>
<!-- Generated by org.testng.reporters.JUnitReportReporter -->
<testsuite hostname="g14" failures="0" tests="3" name="com.saucedemo.qa.test.CheckoutInformationPageTest" time="5.688" errors="0" timestamp="2024-01-27T23:30:55 IST" skipped="0">
  <testcase classname="com.saucedemo.qa.test.CheckoutInformationPageTest" name="checkPageTitle" time="1.849"/>
  <testcase classname="com.saucedemo.qa.test.CheckoutInformationPageTest" name="checkMandatoryFields" time="1.844"/>
  <testcase classname="com.saucedemo.qa.test.CheckoutInformationPageTest" name="checkContinueFunctionality" time="1.995"/>
</testsuite> <!-- com.saucedemo.qa.test.CheckoutInformationPageTest -->
