<?xml version="1.0" encoding="UTF-8"?>
<!-- Generated by org.testng.reporters.JUnitReportReporter -->
<testsuite hostname="g14" failures="0" tests="4" name="com.saucedemo.qa.test.CheckoutOverviewPageTest" time="8.104" errors="0" timestamp="2024-01-28T00:30:10 IST" skipped="0">
  <testcase classname="com.saucedemo.qa.test.CheckoutOverviewPageTest" name="checkCorrectItemPresent" time="1.988"/>
  <testcase classname="com.saucedemo.qa.test.CheckoutOverviewPageTest" name="checkPaymentAndShippingInfo" time="1.984"/>
  <testcase classname="com.saucedemo.qa.test.CheckoutOverviewPageTest" name="checkTotalPrice" time="2.058"/>
  <testcase classname="com.saucedemo.qa.test.CheckoutOverviewPageTest" name="checkFinish" time="2.074"/>
</testsuite> <!-- com.saucedemo.qa.test.CheckoutOverviewPageTest -->
