<?xml version="1.0" encoding="UTF-8"?>
<!-- Generated by org.testng.reporters.JUnitReportReporter -->
<testsuite hostname="g14" failures="0" tests="5" name="com.saucedemo.qa.test.ProductsPageTest" time="9.288" errors="0" timestamp="2024-01-27T23:30:55 IST" skipped="0">
  <testcase classname="com.saucedemo.qa.test.ProductsPageTest" name="checkProductPageDetails" time="1.828"/>
  <testcase classname="com.saucedemo.qa.test.ProductsPageTest" name="checkTotalItemCount" time="1.761"/>
  <testcase classname="com.saucedemo.qa.test.ProductsPageTest" name="checkItemDetail" time="1.782"/>
  <testcase classname="com.saucedemo.qa.test.ProductsPageTest" name="checkCartFunctionality" time="2.144"/>
  <testcase classname="com.saucedemo.qa.test.ProductsPageTest" name="checkCartButtonFunctionality" time="1.773"/>
</testsuite> <!-- com.saucedemo.qa.test.ProductsPageTest -->
