<?xml version="1.0" encoding="UTF-8"?>
<!-- Generated by org.testng.reporters.JUnitReportReporter -->
<testsuite hostname="g14" failures="0" tests="4" name="com.saucedemo.qa.test.CheckoutOverviewPageTest" time="8.242" errors="0" timestamp="2024-01-27T23:30:55 IST" skipped="0">
  <testcase classname="com.saucedemo.qa.test.CheckoutOverviewPageTest" name="checkCorrectItemPresent" time="2.042"/>
  <testcase classname="com.saucedemo.qa.test.CheckoutOverviewPageTest" name="checkPaymentAndShippingInfo" time="2.149"/>
  <testcase classname="com.saucedemo.qa.test.CheckoutOverviewPageTest" name="checkTotalPrice" time="2.010"/>
  <testcase classname="com.saucedemo.qa.test.CheckoutOverviewPageTest" name="checkFinish" time="2.041"/>
</testsuite> <!-- com.saucedemo.qa.test.CheckoutOverviewPageTest -->
