<?xml version="1.0" encoding="UTF-8"?>
<!-- Generated by org.testng.reporters.JUnitReportReporter -->
<testsuite hostname="g14" failures="0" tests="3" name="com.saucedemo.qa.test.CartPageTest" time="5.745" errors="0" timestamp="2024-01-27T23:30:55 IST" skipped="0">
  <testcase classname="com.saucedemo.qa.test.CartPageTest" name="checkCartPageDetails" time="1.854"/>
  <testcase classname="com.saucedemo.qa.test.CartPageTest" name="checkRemoveFunctionalityFomCartPage" time="1.891"/>
  <testcase classname="com.saucedemo.qa.test.CartPageTest" name="checkContinueShopping" time="2.000"/>
</testsuite> <!-- com.saucedemo.qa.test.CartPageTest -->
