<?xml version="1.0" encoding="UTF-8"?>
<!-- Generated by org.testng.reporters.JUnitReportReporter -->
<testsuite hostname="g14" failures="0" tests="5" name="com.saucedemo.qa.test.ProductsPageTest" time="9.298" errors="0" timestamp="2024-01-28T00:30:10 IST" skipped="0">
  <testcase classname="com.saucedemo.qa.test.ProductsPageTest" name="checkProductPageDetails" time="1.732"/>
  <testcase classname="com.saucedemo.qa.test.ProductsPageTest" name="checkTotalItemCount" time="1.735"/>
  <testcase classname="com.saucedemo.qa.test.ProductsPageTest" name="checkItemDetail" time="1.659"/>
  <testcase classname="com.saucedemo.qa.test.ProductsPageTest" name="checkCartFunctionality" time="2.319"/>
  <testcase classname="com.saucedemo.qa.test.ProductsPageTest" name="checkCartButtonFunctionality" time="1.853"/>
</testsuite> <!-- com.saucedemo.qa.test.ProductsPageTest -->
