<?xml version="1.0" encoding="UTF-8"?>
<!-- Generated by org.testng.reporters.JUnitReportReporter -->
<testsuite hostname="g14" failures="0" tests="8" name="com.saucedemo.qa.test.LoginPageTest" time="19.145" errors="0" timestamp="2024-01-27T23:30:55 IST" skipped="0">
  <testcase classname="com.saucedemo.qa.test.LoginPageTest" name="emptyCredentialsLoginTest" time="1.611"/>
  <testcase classname="com.saucedemo.qa.test.LoginPageTest" name="invalidCredentialsLoginTest" time="2.424"/>
  <testcase classname="com.saucedemo.qa.test.LoginPageTest" name="validLoginTestUsingTestData" time="1.735"/>
  <testcase classname="com.saucedemo.qa.test.LoginPageTest" name="validLoginTestUsingTestData" time="1.781"/>
  <testcase classname="com.saucedemo.qa.test.LoginPageTest" name="validLoginTestUsingTestData" time="6.648"/>
  <testcase classname="com.saucedemo.qa.test.LoginPageTest" name="validLoginTestUsingTestData" time="1.702"/>
  <testcase classname="com.saucedemo.qa.test.LoginPageTest" name="validLoginTestUsingTestData" time="1.606"/>
  <testcase classname="com.saucedemo.qa.test.LoginPageTest" name="validLoginTestUsingTestData" time="1.638"/>
</testsuite> <!-- com.saucedemo.qa.test.LoginPageTest -->
