<?xml version="1.0" encoding="UTF-8"?>
<!-- Generated by org.testng.reporters.JUnitReportReporter -->
<testsuite hostname="g14" failures="0" tests="3" name="com.saucedemo.qa.test.CheckoutCompletePageTest" time="6.071" errors="0" timestamp="2024-01-28T00:30:10 IST" skipped="0">
  <testcase classname="com.saucedemo.qa.test.CheckoutCompletePageTest" name="checkPageTitle" time="2.000"/>
  <testcase classname="com.saucedemo.qa.test.CheckoutCompletePageTest" name="checkThankYouMessage" time="2.013"/>
  <testcase classname="com.saucedemo.qa.test.CheckoutCompletePageTest" name="checkBackToHome" time="2.058"/>
</testsuite> <!-- com.saucedemo.qa.test.CheckoutCompletePageTest -->
