<?xml version="1.0" encoding="UTF-8"?>
<!-- Generated by org.testng.reporters.JUnitReportReporter -->
<testsuite hostname="g14" failures="0" tests="3" name="com.saucedemo.qa.test.CheckoutInformationPageTest" time="5.663" errors="0" timestamp="2024-01-28T00:30:10 IST" skipped="0">
  <testcase classname="com.saucedemo.qa.test.CheckoutInformationPageTest" name="checkPageTitle" time="1.841"/>
  <testcase classname="com.saucedemo.qa.test.CheckoutInformationPageTest" name="checkMandatoryFields" time="1.780"/>
  <testcase classname="com.saucedemo.qa.test.CheckoutInformationPageTest" name="checkContinueFunctionality" time="2.042"/>
</testsuite> <!-- com.saucedemo.qa.test.CheckoutInformationPageTest -->
