<?xml version="1.0" encoding="UTF-8"?>
<!-- Generated by org.testng.reporters.JUnitReportReporter -->
<testsuite hostname="g14" failures="0" tests="8" name="com.saucedemo.qa.test.LoginPageTest" time="20.867" errors="0" timestamp="2024-01-28T00:30:10 IST" skipped="0">
  <testcase classname="com.saucedemo.qa.test.LoginPageTest" name="emptyCredentialsLoginTest" time="1.691"/>
  <testcase classname="com.saucedemo.qa.test.LoginPageTest" name="invalidCredentialsLoginTest" time="1.815"/>
  <testcase classname="com.saucedemo.qa.test.LoginPageTest" name="validLoginTestUsingTestData" time="1.750"/>
  <testcase classname="com.saucedemo.qa.test.LoginPageTest" name="validLoginTestUsingTestData" time="3.692"/>
  <testcase classname="com.saucedemo.qa.test.LoginPageTest" name="validLoginTestUsingTestData" time="1.850"/>
  <testcase classname="com.saucedemo.qa.test.LoginPageTest" name="validLoginTestUsingTestData" time="6.664"/>
  <testcase classname="com.saucedemo.qa.test.LoginPageTest" name="validLoginTestUsingTestData" time="1.692"/>
  <testcase classname="com.saucedemo.qa.test.LoginPageTest" name="validLoginTestUsingTestData" time="1.713"/>
</testsuite> <!-- com.saucedemo.qa.test.LoginPageTest -->
